C:\Users\user\.jdks\corretto-11.0.15\bin\java.exe -Dmaven.multiModuleProjectDirectory=F:\lama-adj-java "-Dmaven.home=C:\Program Files\JetBrains\IntelliJ IDEA Community Edition 2021.3.2\plugins\maven\lib\maven3" "-Dclassworlds.conf=C:\Program Files\JetBrains\IntelliJ IDEA Community Edition 2021.3.2\plugins\maven\lib\maven3\bin\m2.conf" "-Dmaven.ext.class.path=C:\Program Files\JetBrains\IntelliJ IDEA Community Edition 2021.3.2\plugins\maven\lib\maven-event-listener.jar" "-javaagent:C:\Program Files\JetBrains\IntelliJ IDEA Community Edition 2021.3.2\lib\idea_rt.jar=62147:C:\Program Files\JetBrains\IntelliJ IDEA Community Edition 2021.3.2\bin" -Dfile.encoding=UTF-8 -classpath "C:\Program Files\JetBrains\IntelliJ IDEA Community Edition 2021.3.2\plugins\maven\lib\maven3\boot\plexus-classworlds-2.6.0.jar;C:\Program Files\JetBrains\IntelliJ IDEA Community Edition 2021.3.2\plugins\maven\lib\maven3\boot\plexus-classworlds.license" org.codehaus.classworlds.Launcher -Didea.version=2021.3.3 install
[INFO] Scanning for projects...
[INFO]
[INFO] ---------------------< org.example:lama-adj-java >----------------------
[INFO] Building lama-adj-java 1.0-SNAPSHOT
[INFO] --------------------------------[ jar ]---------------------------------
[INFO]
[INFO] --- maven-resources-plugin:2.6:resources (default-resources) @ lama-adj-java ---
[WARNING] Using platform encoding (UTF-8 actually) to copy filtered resources, i.e. build is platform dependent!
[INFO] Copying 0 resource
[INFO]
[INFO] --- maven-compiler-plugin:3.1:compile (default-compile) @ lama-adj-java ---
[INFO] Changes detected - recompiling the module!
[WARNING] File encoding has not been set, using platform encoding UTF-8, i.e. build is platform dependent!
[INFO] Compiling 3 source files to F:\lama-adj-java\target\classes
[INFO]
[INFO] --- maven-resources-plugin:2.6:testResources (default-testResources) @ lama-adj-java ---
[WARNING] Using platform encoding (UTF-8 actually) to copy filtered resources, i.e. build is platform dependent!
[INFO] Copying 1 resource
[INFO]
[INFO] --- maven-compiler-plugin:3.1:testCompile (default-testCompile) @ lama-adj-java ---
[INFO] Changes detected - recompiling the module!
[WARNING] File encoding has not been set, using platform encoding UTF-8, i.e. build is platform dependent!
[INFO] Compiling 1 source file to F:\lama-adj-java\target\test-classes
[INFO]
[INFO] --- maven-surefire-plugin:2.12.4:test (default-test) @ lama-adj-java ---
[INFO] Surefire report directory: F:\lama-adj-java\target\surefire-reports

-------------------------------------------------------
 T E S T S
-------------------------------------------------------
Running TestMVN2
Tests run: 0, Failures: 0, Errors: 0, Skipped: 0, Time elapsed: 0.002 sec

Results :

Tests run: 0, Failures: 0, Errors: 0, Skipped: 0

[INFO]
[INFO] --- maven-jar-plugin:2.4:jar (default-jar) @ lama-adj-java ---
[INFO] Building jar: F:\lama-adj-java\target\lama-adj-java-1.0-SNAPSHOT.jar
[INFO]
[INFO] --- maven-install-plugin:2.4:install (default-install) @ lama-adj-java ---
[INFO] Installing F:\lama-adj-java\target\lama-adj-java-1.0-SNAPSHOT.jar to C:\Users\user\.m2\repository\org\example\lama-adj-java\1.0-SNAPSHOT\lama-adj-java-1.0-SNAPSHOT.jar
[INFO] Installing F:\lama-adj-java\pom.xml to C:\Users\user\.m2\repository\org\example\lama-adj-java\1.0-SNAPSHOT\lama-adj-java-1.0-SNAPSHOT.pom
[INFO] ------------------------------------------------------------------------
[INFO] BUILD SUCCESS
[INFO] ------------------------------------------------------------------------
[INFO] Total time:  5.790 s
[INFO] Finished at: 2022-06-13T10:57:52+02:00
[INFO] ------------------------------------------------------------------------

Process finished with exit code 0